<?xml version="1.0" encoding="UTF-8" ?>
<testsuite tests="4" failures="0" name="minimal.DoSomeActionTest" time="4.057" errors="0" skipped="2">
  <properties>
[...]
</properties>
  <testcase classname="minimal.DoSomeActionTest" name="devolverMayusculasTest" time="3.591"/>
  <testcase classname="minimal.DoSomeActionTest" name="devolverHoraTest" time="0.35"/>
  <testcase classname="minimal.DoSomeActionTest" name="helloTest" time="0.351">
    <skipped/>
  </testcase>
  <testcase classname="minimal.DoSomeActionTest" name="PostTest" time="0.351">
    <skipped/>
  </testcase>
</testsuite>